22-01-2023	04:55:14-----GET /api/v1/tes ::: This route does not exist.
24-01-2023	30:08:12-----GET /api/v1/journeylis ::: This route does not exist.
24-01-2023	50:08:12-----GET /api/v1/journeylist ::: a is not defined
24-01-2023	37:09:12-----GET /api/v1/journeylist ::: a is not defined
24-01-2023	54:09:12-----GET /api/v1/journeylist ::: a is not defined
24-01-2023	57:09:12-----GET /api/v1/journeylis ::: This route does not exist.
24-01-2023	00:10:12-----GET /api/v1/journeylist ::: a is not defined
24-01-2023	16:53:12-----GET /api/v1/journeylist/?_page=2&_limit=10&_sort=mark&_order=desc ::: This route does not exist.
24-01-2023	23:53:12-----GET /api/v1/journeylist?_page=2&_limit=10&_sort=mark&_order=desc ::: This route does not exist.
24-01-2023	03:00:13-----GET /api/v1/journeylist ::: This route does not exist.
24-01-2023	44:33:14-----GET /api/v1/journeylist?_month&_page=2&_limit=10&_sort=mark&_order=desc ::: findJourneyList is not a function
24-01-2023	41:37:16-----GET /api/v1/journeylist?_month=5&_page&_limit&_sort=mark&_order=desc ::: May_2021JourneyList.find(...).forEach is not a function
24-01-2023	29:07:17-----GET /api/v1/journeylist?_month=5&_page=1&_limit=10&_sort=Covered%20distance%20(m)&_order=desc ::: BSON field 'collation.locale' is missing but a required field
24-01-2023	49:08:17-----GET /api/v1/journeylist?_month=5&_page=1&_limit=10&_sort=Covered%20distance%20(m)&_order=desc ::: Field 'locale' is invalid in: { locale: "fi_FI", numericOrdering: true }. Did you mean 'fi'?
24-01-2023	37:56:17-----GET /api/v1/journeylist?_month=5&_page=1&_limit=10&_sort=Duration%20(sec&_order ::: Cannot set properties of undefined (setting ')')
24-01-2023	01:06:19-----GET /api/v1/journeylist?_month=5&_page=1&_limit=10&_sort&_order ::: Cast to string failed for value "{ '$toDouble': '$Covered distance (m)' }" (type Object) at path "Covered distance (m)"
24-01-2023	24:08:19-----GET /api/v1/journeylist?_month=5&_page=1&_limit=10&_sort&_order ::: Invalid update pipeline operator: "$rename"
25-01-2023	34:51:13-----GET /api/v1/highlights/ ::: Query was already executed: journey_list.estimatedDocumentCount()
25-01-2023	05:56:13-----GET /api/v1/highlights/ ::: Query was already executed: journey_list.estimatedDocumentCount()
25-01-2023	35:18:14-----GET /api/v1/highlights/ ::: May_2021JourneyList.sort is not a function
25-01-2023	36:20:14-----GET /api/v1/highlights/ ::: May_2021JourneyList.find(...).sort(...).limit(...).toArray is not a function
25-01-2023	58:45:14-----GET /api/v1/highlights/ ::: May_2021JourneyList.find(...).sort(...).limit(...).toArray is not a function
25-01-2023	27:51:14-----GET /api/v1/highlights/ ::: Cannot read properties of undefined (reading 'Distance')
25-01-2023	25:02:15-----GET /api/v1/highlights/ ::: Cannot read properties of undefined (reading 'Distance')
25-01-2023	25:23:16-----GET /api/v1/journeylist?_month&_page=1&_limit=10&_sort=Distance&_order=desc ::: totalRows is not defined
25-01-2023	41:46:19-----GET /api/v1/highlights/ ::: Cannot read properties of null (reading 'totalRows')
25-01-2023	25:47:19-----GET /api/v1/highlights/ ::: Cannot read properties of null (reading 'totalRows')
25-01-2023	01:25:20-----GET /api/blogs ::: This route does not exist.
25-01-2023	52:25:20-----GET /api/blogs ::: This route does not exist.
25-01-2023	30:26:20-----GET /api/blogs ::: This route does not exist.
25-01-2023	39:29:20-----GET /api/blogs ::: This route does not exist.
25-01-2023	41:30:20-----GET /api/blogs ::: This route does not exist.
25-01-2023	26:31:20-----GET /api/blogs ::: This route does not exist.
25-01-2023	00:34:20-----GET /api/blogs ::: This route does not exist.
25-01-2023	22:34:20-----GET /api/blogs ::: This route does not exist.
25-01-2023	35:36:20-----GET /api/blogs ::: This route does not exist.
25-01-2023	11:37:20-----GET /api/blogs ::: This route does not exist.
25-01-2023	25:37:20-----GET /api/blogs ::: This route does not exist.
27-01-2023	21:07:17-----GET /api/v1/journeylist?_month=6&_page=1&_limit=15&_sort=Distance&_order=desc&name_like=Kalas ::: text index required for $text query
27-01-2023	30:35:18-----GET /favicon.ico ::: This route does not exist.
27-01-2023	05:54:20-----GET /api/v1/journeylist?_month=7&_limit=10&_page=116462&_sort=Departure&_order=asc ::: Executor error during find command :: caused by :: Sort exceeded memory limit of 33554432 bytes, but did not opt in to external sorting. Aborting operation. Pass allowDiskUse:true to opt in.
27-01-2023	08:54:20-----GET /api/v1/journeylist?_month=7&_limit=10&_page=116462&_sort=Return&_order=desc ::: Executor error during find command :: caused by :: Sort exceeded memory limit of 33554432 bytes, but did not opt in to external sorting. Aborting operation. Pass allowDiskUse:true to opt in.
27-01-2023	10:54:20-----GET /api/v1/journeylist?_month=7&_limit=10&_page=116462&_sort=Duration&_order=desc ::: Executor error during find command :: caused by :: Sort exceeded memory limit of 33554432 bytes, but did not opt in to external sorting. Aborting operation. Pass allowDiskUse:true to opt in.
27-01-2023	13:54:20-----GET /api/v1/journeylist?_month=7&_limit=10&_page=116457&_sort=Duration&_order=desc ::: Executor error during find command :: caused by :: Sort exceeded memory limit of 33554432 bytes, but did not opt in to external sorting. Aborting operation. Pass allowDiskUse:true to opt in.
27-01-2023	15:54:20-----GET /api/v1/journeylist?_month=7&_limit=10&_page=116457&_sort=Duration&_order=desc ::: Executor error during find command :: caused by :: Sort exceeded memory limit of 33554432 bytes, but did not opt in to external sorting. Aborting operation. Pass allowDiskUse:true to opt in.
27-01-2023	16:54:20-----GET /api/v1/journeylist?_month=7&_limit=10&_page=116457&_sort=Duration&_order=desc ::: Executor error during find command :: caused by :: Sort exceeded memory limit of 33554432 bytes, but did not opt in to external sorting. Aborting operation. Pass allowDiskUse:true to opt in.
27-01-2023	16:54:20-----GET /api/v1/journeylist?_month=7&_limit=10&_page=116457&_sort=Duration&_order=desc ::: Executor error during find command :: caused by :: Sort exceeded memory limit of 33554432 bytes, but did not opt in to external sorting. Aborting operation. Pass allowDiskUse:true to opt in.
27-01-2023	17:54:20-----GET /api/v1/journeylist?_month=7&_limit=10&_page=116457&_sort=Duration&_order=desc ::: Executor error during find command :: caused by :: Sort exceeded memory limit of 33554432 bytes, but did not opt in to external sorting. Aborting operation. Pass allowDiskUse:true to opt in.
27-01-2023	18:54:20-----GET /api/v1/journeylist?_month=7&_limit=10&_page=116457&_sort=Duration&_order=desc ::: Executor error during find command :: caused by :: Sort exceeded memory limit of 33554432 bytes, but did not opt in to external sorting. Aborting operation. Pass allowDiskUse:true to opt in.
27-01-2023	18:54:20-----GET /api/v1/journeylist?_month=7&_limit=10&_page=116457&_sort=Duration&_order=desc ::: Executor error during find command :: caused by :: Sort exceeded memory limit of 33554432 bytes, but did not opt in to external sorting. Aborting operation. Pass allowDiskUse:true to opt in.
27-01-2023	23:54:20-----GET /api/v1/journeylist?_month=7&_limit=10&_page=116461&_sort=Duration&_order=desc ::: Executor error during find command :: caused by :: Sort exceeded memory limit of 33554432 bytes, but did not opt in to external sorting. Aborting operation. Pass allowDiskUse:true to opt in.
27-01-2023	15:55:20-----GET /api/v1/journeylist?_month=7&_limit=10&_page=116457&_sort=Departure&_order=desc ::: Executor error during find command :: caused by :: Sort exceeded memory limit of 33554432 bytes, but did not opt in to external sorting. Aborting operation. Pass allowDiskUse:true to opt in.
27-01-2023	17:55:20-----GET /api/v1/journeylist?_month=7&_limit=10&_page=116456&_sort=Departure&_order=desc ::: Executor error during find command :: caused by :: Sort exceeded memory limit of 33554432 bytes, but did not opt in to external sorting. Aborting operation. Pass allowDiskUse:true to opt in.
28-01-2023	58:47:12-----GET /api/v1/highlight ::: This route does not exist.
